Using pre-set license
Built from '2021.3/staging' branch; Version is '2021.3.29f1 (204d6dc9ae1c) revision 2116973'; Using compiler version '192829333'; Build Type 'Release'
OS: 'Windows 11  (10.0.22621) 64bit Professional' Language: 'ko' Physical Memory: 16300 MB
BatchMode: 1, IsHumanControllingUs: 0, StartBugReporterOnCrash: 0, Is64bit: 1, IsPro: 1

COMMAND LINE ARGUMENTS:
D:\unity editar\2021.3.29f1\Editor\Unity.exe
-adb2
-batchMode
-noUpm
-name
AssetImportWorker0
-projectPath
C:/Users/user/Documents/GitHub/wtq234/Tutorial
-logFile
Logs/AssetImportWorker0.log
-srvPort
14678
Successfully changed project path to: C:/Users/user/Documents/GitHub/wtq234/Tutorial
C:/Users/user/Documents/GitHub/wtq234/Tutorial
[UnityMemory] Configuration Parameters - Can be set up in boot.config
    "memorysetup-bucket-allocator-granularity=16"
    "memorysetup-bucket-allocator-bucket-count=8"
    "memorysetup-bucket-allocator-block-size=33554432"
    "memorysetup-bucket-allocator-block-count=8"
    "memorysetup-main-allocator-block-size=16777216"
    "memorysetup-thread-allocator-block-size=16777216"
    "memorysetup-gfx-main-allocator-block-size=16777216"
    "memorysetup-gfx-thread-allocator-block-size=16777216"
    "memorysetup-cache-allocator-block-size=4194304"
    "memorysetup-typetree-allocator-block-size=2097152"
    "memorysetup-profiler-bucket-allocator-granularity=16"
    "memorysetup-profiler-bucket-allocator-bucket-count=8"
    "memorysetup-profiler-bucket-allocator-block-size=33554432"
    "memorysetup-profiler-bucket-allocator-block-count=8"
    "memorysetup-profiler-allocator-block-size=16777216"
    "memorysetup-profiler-editor-allocator-block-size=1048576"
    "memorysetup-temp-allocator-size-main=16777216"
    "memorysetup-job-temp-allocator-block-size=2097152"
    "memorysetup-job-temp-allocator-block-size-background=1048576"
    "memorysetup-job-temp-allocator-reduction-small-platforms=262144"
    "memorysetup-temp-allocator-size-background-worker=32768"
    "memorysetup-temp-allocator-size-job-worker=262144"
    "memorysetup-temp-allocator-size-preload-manager=33554432"
    "memorysetup-temp-allocator-size-nav-mesh-worker=65536"
    "memorysetup-temp-allocator-size-audio-worker=65536"
    "memorysetup-temp-allocator-size-cloud-worker=32768"
    "memorysetup-temp-allocator-size-gi-baking-worker=262144"
    "memorysetup-temp-allocator-size-gfx=262144"
Player connection [12912] Host "[IP] 210.183.117.188 [Port] 0 [Flags] 2 [Guid] 1477942987 [EditorId] 1477942987 [Version] 1048832 [Id] WindowsEditor(7,DESKTOP-S02NR2E) [Debug] 1 [PackageName] WindowsEditor [ProjectName] Editor" joined multi-casting on [225.0.0.222:54997]...

Player connection [12912] Host "[IP] 210.183.117.188 [Port] 0 [Flags] 2 [Guid] 1477942987 [EditorId] 1477942987 [Version] 1048832 [Id] WindowsEditor(7,DESKTOP-S02NR2E) [Debug] 1 [PackageName] WindowsEditor [ProjectName] Editor" joined alternative multi-casting on [225.0.0.222:34997]...

Refreshing native plugins compatible for Editor in 90.02 ms, found 3 plugins.
Preloading 0 native plugins for Editor in 0.00 ms.
Initialize engine version: 2021.3.29f1 (204d6dc9ae1c)
[Subsystems] Discovering subsystems at path D:/unity editar/2021.3.29f1/Editor/Data/Resources/UnitySubsystems
[Subsystems] Discovering subsystems at path C:/Users/user/Documents/GitHub/wtq234/Tutorial/Assets
GfxDevice: creating device client; threaded=0; jobified=0
Direct3D:
    Version:  Direct3D 11.0 [level 11.1]
    Renderer: NVIDIA GeForce RTX 3060 (ID=0x2487)
    Vendor:   NVIDIA
    VRAM:     12124 MB
    Driver:   31.0.15.3623
Initialize mono
Mono path[0] = 'D:/unity editar/2021.3.29f1/Editor/Data/Managed'
Mono path[1] = 'D:/unity editar/2021.3.29f1/Editor/Data/MonoBleedingEdge/lib/mono/unityjit-win32'
Mono config path = 'D:/unity editar/2021.3.29f1/Editor/Data/MonoBleedingEdge/etc'
Using monoOptions --debugger-agent=transport=dt_socket,embedding=1,server=y,suspend=n,address=127.0.0.1:56452
Begin MonoManager ReloadAssembly
Registering precompiled unity dll's ...
Register platform support module: D:/unity editar/2021.3.29f1/Editor/Data/PlaybackEngines/WindowsStandaloneSupport/UnityEditor.WindowsStandalone.Extensions.dll
Registered in 0.002779 seconds.
Native extension for WindowsStandalone target not found
Refreshing native plugins compatible for Editor in 78.00 ms, found 3 plugins.
Preloading 0 native plugins for Editor in 0.00 ms.
Mono: successfully reloaded assembly
- Completed reload, in  0.726 seconds
Domain Reload Profiling:
	ReloadAssembly (726ms)
		BeginReloadAssembly (144ms)
			ExecutionOrderSort (0ms)
			DisableScriptedObjects (0ms)
			BackupInstance (0ms)
			ReleaseScriptingObjects (0ms)
			CreateAndSetChildDomain (1ms)
		EndReloadAssembly (480ms)
			LoadAssemblies (144ms)
			RebuildTransferFunctionScriptingTraits (0ms)
			SetupTypeCache (125ms)
			ReleaseScriptCaches (0ms)
			RebuildScriptCaches (31ms)
			SetupLoadedEditorAssemblies (272ms)
				LogAssemblyErrors (0ms)
				InitializePlatformSupportModulesInManaged (7ms)
				SetLoadedEditorAssemblies (0ms)
				RefreshPlugins (78ms)
				BeforeProcessingInitializeOnLoad (1ms)
				ProcessInitializeOnLoadAttributes (126ms)
				ProcessInitializeOnLoadMethodAttributes (59ms)
				AfterProcessingInitializeOnLoad (0ms)
				EditorAssembliesLoaded (0ms)
			ExecutionOrderSort2 (0ms)
			AwakeInstancesAfterBackupRestoration (0ms)
Platform modules already initialized, skipping
Registering precompiled user dll's ...
Registered in 0.009465 seconds.
Begin MonoManager ReloadAssembly
Symbol file LoadedFromMemory doesn't match image C:\Users\user\Documents\GitHub\wtq234\Tutorial\Library\PackageCache\com.unity.visualscripting@1.8.0\Editor\VisualScripting.Core\Dependencies\YamlDotNet\Unity.VisualScripting.YamlDotNet.dll
Symbol file LoadedFromMemory doesn't match image C:\Users\user\Documents\GitHub\wtq234\Tutorial\Library\PackageCache\com.unity.visualscripting@1.8.0\Editor\VisualScripting.Core\Dependencies\DotNetZip\Unity.VisualScripting.IonicZip.dll
Native extension for WindowsStandalone target not found
Refreshing native plugins compatible for Editor in 0.52 ms, found 3 plugins.
Preloading 0 native plugins for Editor in 0.00 ms.
Mono: successfully reloaded assembly
- Completed reload, in  1.200 seconds
Domain Reload Profiling:
	ReloadAssembly (1201ms)
		BeginReloadAssembly (164ms)
			ExecutionOrderSort (0ms)
			DisableScriptedObjects (7ms)
			BackupInstance (0ms)
			ReleaseScriptingObjects (0ms)
			CreateAndSetChildDomain (21ms)
		EndReloadAssembly (918ms)
			LoadAssemblies (147ms)
			RebuildTransferFunctionScriptingTraits (0ms)
			SetupTypeCache (354ms)
			ReleaseScriptCaches (1ms)
			RebuildScriptCaches (55ms)
			SetupLoadedEditorAssemblies (355ms)
				LogAssemblyErrors (0ms)
				InitializePlatformSupportModulesInManaged (4ms)
				SetLoadedEditorAssemblies (1ms)
				RefreshPlugins (1ms)
				BeforeProcessingInitializeOnLoad (88ms)
				ProcessInitializeOnLoadAttributes (238ms)
				ProcessInitializeOnLoadMethodAttributes (22ms)
				AfterProcessingInitializeOnLoad (2ms)
				EditorAssembliesLoaded (0ms)
			ExecutionOrderSort2 (0ms)
			AwakeInstancesAfterBackupRestoration (14ms)
Platform modules already initialized, skipping
========================================================================
Worker process is ready to serve import requests
Launched and connected shader compiler UnityShaderCompiler.exe after 0.06 seconds
Refreshing native plugins compatible for Editor in 0.57 ms, found 3 plugins.
Preloading 0 native plugins for Editor in 0.00 ms.
Unloading 3056 Unused Serialized files (Serialized files now loaded: 0)
Unloading 22 unused Assets / (47.1 KB). Loaded Objects now: 3537.
Memory consumption went from 121.1 MB to 121.0 MB.
Total: 3.125800 ms (FindLiveObjects: 0.314000 ms CreateObjectMapping: 0.234300 ms MarkObjects: 2.481300 ms  DeleteObjects: 0.095100 ms)

AssetImportParameters requested are different than current active one (requested -> active):
  custom:video-decoder-ogg-theora: a1e56fd34408186e4bbccfd4996cb3dc -> 
  custom:container-muxer-webm: aa71ff27fc2769a1b78a27578f13a17b -> 
  custom:container-demuxer-webm: 4f35f7cbe854078d1ac9338744f61a02 -> 
  custom:video-encoder-webm-vp8: eb34c28f22e8b96e1ab97ce403110664 -> 
  custom:video-codec-MediaFoundation-h265: 746d11721c4dcdbdad8f713fa42b33f4 -> 
  custom:CustomObjectIndexerAttribute: bc11b3a6c3213fcdd17b65e7da85e133 -> 
  custom:audio-encoder-webm-vorbis: bf7c407c2cedff20999df2af8eb42d56 -> 
  custom:framework-win-MediaFoundation: 216162199b28c13a410421893ffa2e32 -> 
  custom:container-demuxer-ogg: 62fdf1f143b41e24485cea50d1cbac27 -> 
  custom:video-decoder-webm-vp8: 9c59270c3fd7afecdb556c50c9e8de78 -> 
  custom:audio-decoder-ogg-vorbis: bf7c407c2cedff20999df2af8eb42d56 -> 
========================================================================
Received Import Request.
  Time since last request: 115598.412945 seconds.
  path: Assets/New Terrain.asset
  artifactKey: Guid(d7bb92901450dbe44be8656951527b33) Importer(815301076,1909f56bfc062723c751e8b465ee728b)
Start importing Assets/New Terrain.asset using Guid(d7bb92901450dbe44be8656951527b33) Importer(815301076,1909f56bfc062723c751e8b465ee728b)  -> (artifact id: '19c89c954b8d038b9f75197d7bfc8bbd') in 0.114274 seconds 
========================================================================
Received Import Request.
  Time since last request: 51.612307 seconds.
  path: Assets/Hand Painted Grass  Texture
  artifactKey: Guid(0bd2802b41c44384a9e7a12faecb2614) Importer(815301076,1909f56bfc062723c751e8b465ee728b)
Start importing Assets/Hand Painted Grass  Texture using Guid(0bd2802b41c44384a9e7a12faecb2614) Importer(815301076,1909f56bfc062723c751e8b465ee728b)  -> (artifact id: '39083fcf5397a8db28d5dbedb6a98ab6') in 0.008933 seconds 
========================================================================
Received Import Request.
  Time since last request: 3.566619 seconds.
  path: Assets/instance
  artifactKey: Guid(743cb69ab25a4f34f9b156a2b1e4bab6) Importer(815301076,1909f56bfc062723c751e8b465ee728b)
Start importing Assets/instance using Guid(743cb69ab25a4f34f9b156a2b1e4bab6) Importer(815301076,1909f56bfc062723c751e8b465ee728b)  -> (artifact id: '168be979064e9c3df4c56c3b2861ff63') in 0.008081 seconds 
========================================================================
Received Import Request.
  Time since last request: 37.483176 seconds.
  path: Assets/New Folder
  artifactKey: Guid(81de2ab4103f4e541b4e46c1fb79e8f5) Importer(815301076,1909f56bfc062723c751e8b465ee728b)
Start importing Assets/New Folder using Guid(81de2ab4103f4e541b4e46c1fb79e8f5) Importer(815301076,1909f56bfc062723c751e8b465ee728b)  -> (artifact id: 'af8661539a5ca40a7ab1786dd3fbe4cd') in 0.009124 seconds 
========================================================================
Received Import Request.
  Time since last request: 72.472033 seconds.
  path: Assets/Animator
  artifactKey: Guid(81de2ab4103f4e541b4e46c1fb79e8f5) Importer(815301076,1909f56bfc062723c751e8b465ee728b)
Start importing Assets/Animator using Guid(81de2ab4103f4e541b4e46c1fb79e8f5) Importer(815301076,1909f56bfc062723c751e8b465ee728b)  -> (artifact id: 'afd0bd5a53999acab0ec60a87060d6c9') in 0.016186 seconds 
========================================================================
Received Import Request.
  Time since last request: 80.353615 seconds.
  path: Assets/Animator/Scenes
  artifactKey: Guid(c4cead24da01ef84393743bf34e1160d) Importer(815301076,1909f56bfc062723c751e8b465ee728b)
Start importing Assets/Animator/Scenes using Guid(c4cead24da01ef84393743bf34e1160d) Importer(815301076,1909f56bfc062723c751e8b465ee728b)  -> (artifact id: 'a909b7ffea4ed81ce1f0f505586e16b1') in 0.010096 seconds 
========================================================================
Received Import Request.
  Time since last request: 38.234554 seconds.
  path: Assets/Animator/Scenes/Animator.unity
  artifactKey: Guid(66f700c1c7fbb424596fd2d435e43585) Importer(815301076,1909f56bfc062723c751e8b465ee728b)
Start importing Assets/Animator/Scenes/Animator.unity using Guid(66f700c1c7fbb424596fd2d435e43585) Importer(815301076,1909f56bfc062723c751e8b465ee728b)  -> (artifact id: '308de3846b6403c867030115d8e08bcd') in 0.007828 seconds 
========================================================================
Received Import Request.
  Time since last request: 56.662485 seconds.
  path: Assets/Animator/New Folder
  artifactKey: Guid(5da78fa3a910eeb4fbcbe89ad4d841a2) Importer(815301076,1909f56bfc062723c751e8b465ee728b)
Start importing Assets/Animator/New Folder using Guid(5da78fa3a910eeb4fbcbe89ad4d841a2) Importer(815301076,1909f56bfc062723c751e8b465ee728b)  -> (artifact id: '52ab62e84e6633218a7a9e838961b26c') in 0.002975 seconds 
========================================================================
Received Import Request.
  Time since last request: 8.957696 seconds.
  path: Assets/Animator/Models
  artifactKey: Guid(5da78fa3a910eeb4fbcbe89ad4d841a2) Importer(815301076,1909f56bfc062723c751e8b465ee728b)
Start importing Assets/Animator/Models using Guid(5da78fa3a910eeb4fbcbe89ad4d841a2) Importer(815301076,1909f56bfc062723c751e8b465ee728b)  -> (artifact id: '5b2bcae0b00f552f7968813356513543') in 0.007321 seconds 
========================================================================
Received Import Request.
  Time since last request: 31.701358 seconds.
  path: Assets/Animator/Textures
  artifactKey: Guid(860a16cc11ad1f8429d36dc3c318ca16) Importer(815301076,1909f56bfc062723c751e8b465ee728b)
Start importing Assets/Animator/Textures using Guid(860a16cc11ad1f8429d36dc3c318ca16) Importer(815301076,1909f56bfc062723c751e8b465ee728b)  -> (artifact id: 'd81a36faa1c9492a43ea1d894744b566') in 0.008025 seconds 
========================================================================
Received Import Request.
  Time since last request: 36.327233 seconds.
  path: Assets/Animator/Animations
  artifactKey: Guid(a37f5405da3dd9a48971458279f7587a) Importer(815301076,1909f56bfc062723c751e8b465ee728b)
Start importing Assets/Animator/Animations using Guid(a37f5405da3dd9a48971458279f7587a) Importer(815301076,1909f56bfc062723c751e8b465ee728b)  -> (artifact id: 'cfcb5d74af7ce9d6b5f2cebcbb94ab51') in 0.007393 seconds 
========================================================================
Received Import Request.
  Time since last request: 313.310522 seconds.
  path: Assets/Animator/Animators
  artifactKey: Guid(82da2841a2d96cb4f91bb671d063d942) Importer(815301076,1909f56bfc062723c751e8b465ee728b)
Start importing Assets/Animator/Animators using Guid(82da2841a2d96cb4f91bb671d063d942) Importer(815301076,1909f56bfc062723c751e8b465ee728b)  -> (artifact id: 'e9dda0c7749fd8b220b9125dc3fc337c') in 0.007426 seconds 
========================================================================
Received Import Request.
  Time since last request: 508.310500 seconds.
  path: Assets/Animator/Models/Ch24_nonPBR.fbx
  artifactKey: Guid(75fa464d7ce37a34aaded1eeb447d540) Importer(815301076,1909f56bfc062723c751e8b465ee728b)
Start importing Assets/Animator/Models/Ch24_nonPBR.fbx using Guid(75fa464d7ce37a34aaded1eeb447d540) Importer(815301076,1909f56bfc062723c751e8b465ee728b)  -> (artifact id: 'a2e07897eb457d8029ca1caaa6c80ec3') in 0.200004 seconds 
========================================================================
Received Import Request.
  Time since last request: 141.016325 seconds.
  path: Assets/Animator/Models/Ch24_nonPBR.fbx
  artifactKey: Guid(75fa464d7ce37a34aaded1eeb447d540) Importer(815301076,1909f56bfc062723c751e8b465ee728b)
Start importing Assets/Animator/Models/Ch24_nonPBR.fbx using Guid(75fa464d7ce37a34aaded1eeb447d540) Importer(815301076,1909f56bfc062723c751e8b465ee728b)  -> (artifact id: 'cac52a17966c47987dcfaf92c5498f8b') in 0.289483 seconds 
========================================================================
Received Import Request.
  Time since last request: 5.464315 seconds.
  path: Assets/Animator/Models/Ch24_nonPBR.fbx
  artifactKey: Guid(75fa464d7ce37a34aaded1eeb447d540) Importer(815301076,1909f56bfc062723c751e8b465ee728b)
Start importing Assets/Animator/Models/Ch24_nonPBR.fbx using Guid(75fa464d7ce37a34aaded1eeb447d540) Importer(815301076,1909f56bfc062723c751e8b465ee728b)  -> (artifact id: '6a1304662c43d81360cb9ce9b41992e5') in 0.037786 seconds 
========================================================================
Received Import Request.
  Time since last request: 24.260839 seconds.
  path: Assets/Animator/Models/Charict.fbx
  artifactKey: Guid(75fa464d7ce37a34aaded1eeb447d540) Importer(815301076,1909f56bfc062723c751e8b465ee728b)
Start importing Assets/Animator/Models/Charict.fbx using Guid(75fa464d7ce37a34aaded1eeb447d540) Importer(815301076,1909f56bfc062723c751e8b465ee728b)  -> (artifact id: 'da2b2870a57272671d334a8469e603c8') in 0.041467 seconds 
========================================================================
Received Import Request.
  Time since last request: 21.458341 seconds.
  path: Assets/Animator/Models/Charactor.fbx
  artifactKey: Guid(75fa464d7ce37a34aaded1eeb447d540) Importer(815301076,1909f56bfc062723c751e8b465ee728b)
Start importing Assets/Animator/Models/Charactor.fbx using Guid(75fa464d7ce37a34aaded1eeb447d540) Importer(815301076,1909f56bfc062723c751e8b465ee728b)  -> (artifact id: '8fae5a5c52fd488b6e458aca4257e204') in 0.048203 seconds 
========================================================================
Received Import Request.
  Time since last request: 15.645328 seconds.
  path: Assets/Animator/Models/Character.fbx
  artifactKey: Guid(75fa464d7ce37a34aaded1eeb447d540) Importer(815301076,1909f56bfc062723c751e8b465ee728b)
Start importing Assets/Animator/Models/Character.fbx using Guid(75fa464d7ce37a34aaded1eeb447d540) Importer(815301076,1909f56bfc062723c751e8b465ee728b)  -> (artifact id: 'b31b47399137e2e9fabfd5b4e5117a07') in 0.046953 seconds 
========================================================================
Received Import Request.
  Time since last request: 666.236236 seconds.
  path: Assets/Animator/Animations/Ch24_nonPBR.fbx
  artifactKey: Guid(8961e9bd9bc727c4d845c27218e144fb) Importer(815301076,1909f56bfc062723c751e8b465ee728b)
Start importing Assets/Animator/Animations/Ch24_nonPBR.fbx using Guid(8961e9bd9bc727c4d845c27218e144fb) Importer(815301076,1909f56bfc062723c751e8b465ee728b)  -> (artifact id: '5fe1134cd40edd0682e00a52c1ef4c9c') in 0.042898 seconds 
========================================================================
Received Import Request.
  Time since last request: 46.649427 seconds.
  path: Assets/Animator/Animations/Idle.fbx
  artifactKey: Guid(8961e9bd9bc727c4d845c27218e144fb) Importer(815301076,1909f56bfc062723c751e8b465ee728b)
Start importing Assets/Animator/Animations/Idle.fbx using Guid(8961e9bd9bc727c4d845c27218e144fb) Importer(815301076,1909f56bfc062723c751e8b465ee728b)  -> (artifact id: '284efca90fcf74496fc0b5e49f36a84a') in 0.048877 seconds 
========================================================================
Received Import Request.
  Time since last request: 724.657539 seconds.
  path: Assets/Animator/Animators/New Animator Controller.controller
  artifactKey: Guid(967a1ac788ab7e44798af41c64431093) Importer(815301076,1909f56bfc062723c751e8b465ee728b)
Start importing Assets/Animator/Animators/New Animator Controller.controller using Guid(967a1ac788ab7e44798af41c64431093) Importer(815301076,1909f56bfc062723c751e8b465ee728b)  -> (artifact id: '1a9c8a46fde3809228c3412252db97fb') in 0.019778 seconds 
========================================================================
Received Import Request.
  Time since last request: 2446.439287 seconds.
  path: Assets/Animator/Animations/Idle.fbx
  artifactKey: Guid(8961e9bd9bc727c4d845c27218e144fb) Importer(815301076,1909f56bfc062723c751e8b465ee728b)
Start importing Assets/Animator/Animations/Idle.fbx using Guid(8961e9bd9bc727c4d845c27218e144fb) Importer(815301076,1909f56bfc062723c751e8b465ee728b)  -> (artifact id: '7ca4d36c543f012ebba3411e4330a997') in 0.063132 seconds 
========================================================================
Received Prepare
Registering precompiled user dll's ...
Registered in 0.008498 seconds.
Begin MonoManager ReloadAssembly
Symbol file LoadedFromMemory doesn't match image C:\Users\user\Documents\GitHub\wtq234\Tutorial\Library\PackageCache\com.unity.visualscripting@1.8.0\Editor\VisualScripting.Core\Dependencies\YamlDotNet\Unity.VisualScripting.YamlDotNet.dll
Symbol file LoadedFromMemory doesn't match image C:\Users\user\Documents\GitHub\wtq234\Tutorial\Library\PackageCache\com.unity.visualscripting@1.8.0\Editor\VisualScripting.Core\Dependencies\DotNetZip\Unity.VisualScripting.IonicZip.dll
Native extension for WindowsStandalone target not found
Refreshing native plugins compatible for Editor in 0.75 ms, found 3 plugins.
Preloading 0 native plugins for Editor in 0.00 ms.
Mono: successfully reloaded assembly
- Completed reload, in  1.187 seconds
Domain Reload Profiling:
	ReloadAssembly (1188ms)
		BeginReloadAssembly (222ms)
			ExecutionOrderSort (0ms)
			DisableScriptedObjects (5ms)
			BackupInstance (0ms)
			ReleaseScriptingObjects (0ms)
			CreateAndSetChildDomain (37ms)
		EndReloadAssembly (868ms)
			LoadAssemblies (169ms)
			RebuildTransferFunctionScriptingTraits (0ms)
			SetupTypeCache (322ms)
			ReleaseScriptCaches (1ms)
			RebuildScriptCaches (45ms)
			SetupLoadedEditorAssemblies (343ms)
				LogAssemblyErrors (0ms)
				InitializePlatformSupportModulesInManaged (6ms)
				SetLoadedEditorAssemblies (1ms)
				RefreshPlugins (1ms)
				BeforeProcessingInitializeOnLoad (71ms)
				ProcessInitializeOnLoadAttributes (237ms)
				ProcessInitializeOnLoadMethodAttributes (24ms)
				AfterProcessingInitializeOnLoad (3ms)
				EditorAssembliesLoaded (0ms)
			ExecutionOrderSort2 (0ms)
			AwakeInstancesAfterBackupRestoration (16ms)
Platform modules already initialized, skipping
Refreshing native plugins compatible for Editor in 2.74 ms, found 3 plugins.
Preloading 0 native plugins for Editor in 0.00 ms.
Unloading 3047 Unused Serialized files (Serialized files now loaded: 0)
Unloading 15 unused Assets / (22.0 KB). Loaded Objects now: 3587.
Memory consumption went from 138.0 MB to 138.0 MB.
Total: 4.774700 ms (FindLiveObjects: 0.427500 ms CreateObjectMapping: 0.274400 ms MarkObjects: 4.016600 ms  DeleteObjects: 0.054500 ms)

AssetImportParameters requested are different than current active one (requested -> active):
  custom:video-decoder-ogg-theora: a1e56fd34408186e4bbccfd4996cb3dc -> 
  custom:container-muxer-webm: aa71ff27fc2769a1b78a27578f13a17b -> 
  custom:container-demuxer-webm: 4f35f7cbe854078d1ac9338744f61a02 -> 
  custom:video-encoder-webm-vp8: eb34c28f22e8b96e1ab97ce403110664 -> 
  custom:video-codec-MediaFoundation-h265: 746d11721c4dcdbdad8f713fa42b33f4 -> 
  custom:CustomObjectIndexerAttribute: bc11b3a6c3213fcdd17b65e7da85e133 -> 
  custom:audio-encoder-webm-vorbis: bf7c407c2cedff20999df2af8eb42d56 -> 
  custom:framework-win-MediaFoundation: 216162199b28c13a410421893ffa2e32 -> 
  custom:container-demuxer-ogg: 62fdf1f143b41e24485cea50d1cbac27 -> 
  custom:video-decoder-webm-vp8: 9c59270c3fd7afecdb556c50c9e8de78 -> 
  custom:audio-decoder-ogg-vorbis: bf7c407c2cedff20999df2af8eb42d56 -> 
========================================================================
Received Prepare
Registering precompiled user dll's ...
Registered in 0.009285 seconds.
Begin MonoManager ReloadAssembly
Symbol file LoadedFromMemory doesn't match image C:\Users\user\Documents\GitHub\wtq234\Tutorial\Library\PackageCache\com.unity.visualscripting@1.8.0\Editor\VisualScripting.Core\Dependencies\YamlDotNet\Unity.VisualScripting.YamlDotNet.dll
Symbol file LoadedFromMemory doesn't match image C:\Users\user\Documents\GitHub\wtq234\Tutorial\Library\PackageCache\com.unity.visualscripting@1.8.0\Editor\VisualScripting.Core\Dependencies\DotNetZip\Unity.VisualScripting.IonicZip.dll
Native extension for WindowsStandalone target not found
Refreshing native plugins compatible for Editor in 0.53 ms, found 3 plugins.
Preloading 0 native plugins for Editor in 0.00 ms.
Mono: successfully reloaded assembly
- Completed reload, in  1.097 seconds
Domain Reload Profiling:
	ReloadAssembly (1098ms)
		BeginReloadAssembly (185ms)
			ExecutionOrderSort (0ms)
			DisableScriptedObjects (6ms)
			BackupInstance (0ms)
			ReleaseScriptingObjects (0ms)
			CreateAndSetChildDomain (36ms)
		EndReloadAssembly (815ms)
			LoadAssemblies (145ms)
			RebuildTransferFunctionScriptingTraits (0ms)
			SetupTypeCache (274ms)
			ReleaseScriptCaches (1ms)
			RebuildScriptCaches (42ms)
			SetupLoadedEditorAssemblies (344ms)
				LogAssemblyErrors (0ms)
				InitializePlatformSupportModulesInManaged (4ms)
				SetLoadedEditorAssemblies (0ms)
				RefreshPlugins (1ms)
				BeforeProcessingInitializeOnLoad (66ms)
				ProcessInitializeOnLoadAttributes (245ms)
				ProcessInitializeOnLoadMethodAttributes (25ms)
				AfterProcessingInitializeOnLoad (3ms)
				EditorAssembliesLoaded (0ms)
			ExecutionOrderSort2 (0ms)
			AwakeInstancesAfterBackupRestoration (18ms)
Platform modules already initialized, skipping
Refreshing native plugins compatible for Editor in 3.40 ms, found 3 plugins.
Preloading 0 native plugins for Editor in 0.00 ms.
Unloading 3047 Unused Serialized files (Serialized files now loaded: 0)
Unloading 15 unused Assets / (22.0 KB). Loaded Objects now: 3590.
Memory consumption went from 138.0 MB to 138.0 MB.
Total: 3.566800 ms (FindLiveObjects: 0.244800 ms CreateObjectMapping: 0.148900 ms MarkObjects: 3.144700 ms  DeleteObjects: 0.027300 ms)

AssetImportParameters requested are different than current active one (requested -> active):
  custom:video-decoder-ogg-theora: a1e56fd34408186e4bbccfd4996cb3dc -> 
  custom:container-muxer-webm: aa71ff27fc2769a1b78a27578f13a17b -> 
  custom:container-demuxer-webm: 4f35f7cbe854078d1ac9338744f61a02 -> 
  custom:video-encoder-webm-vp8: eb34c28f22e8b96e1ab97ce403110664 -> 
  custom:video-codec-MediaFoundation-h265: 746d11721c4dcdbdad8f713fa42b33f4 -> 
  custom:CustomObjectIndexerAttribute: bc11b3a6c3213fcdd17b65e7da85e133 -> 
  custom:audio-encoder-webm-vorbis: bf7c407c2cedff20999df2af8eb42d56 -> 
  custom:framework-win-MediaFoundation: 216162199b28c13a410421893ffa2e32 -> 
  custom:container-demuxer-ogg: 62fdf1f143b41e24485cea50d1cbac27 -> 
  custom:video-decoder-webm-vp8: 9c59270c3fd7afecdb556c50c9e8de78 -> 
  custom:audio-decoder-ogg-vorbis: bf7c407c2cedff20999df2af8eb42d56 -> 
========================================================================
Received Prepare
Registering precompiled user dll's ...
Registered in 0.008577 seconds.
Begin MonoManager ReloadAssembly
Symbol file LoadedFromMemory doesn't match image C:\Users\user\Documents\GitHub\wtq234\Tutorial\Library\PackageCache\com.unity.visualscripting@1.8.0\Editor\VisualScripting.Core\Dependencies\YamlDotNet\Unity.VisualScripting.YamlDotNet.dll
Symbol file LoadedFromMemory doesn't match image C:\Users\user\Documents\GitHub\wtq234\Tutorial\Library\PackageCache\com.unity.visualscripting@1.8.0\Editor\VisualScripting.Core\Dependencies\DotNetZip\Unity.VisualScripting.IonicZip.dll
Native extension for WindowsStandalone target not found
Refreshing native plugins compatible for Editor in 0.56 ms, found 3 plugins.
Preloading 0 native plugins for Editor in 0.00 ms.
Mono: successfully reloaded assembly
- Completed reload, in  1.122 seconds
Domain Reload Profiling:
	ReloadAssembly (1123ms)
		BeginReloadAssembly (184ms)
			ExecutionOrderSort (0ms)
			DisableScriptedObjects (6ms)
			BackupInstance (0ms)
			ReleaseScriptingObjects (0ms)
			CreateAndSetChildDomain (34ms)
		EndReloadAssembly (834ms)
			LoadAssemblies (140ms)
			RebuildTransferFunctionScriptingTraits (0ms)
			SetupTypeCache (312ms)
			ReleaseScriptCaches (1ms)
			RebuildScriptCaches (52ms)
			SetupLoadedEditorAssemblies (315ms)
				LogAssemblyErrors (0ms)
				InitializePlatformSupportModulesInManaged (6ms)
				SetLoadedEditorAssemblies (1ms)
				RefreshPlugins (1ms)
				BeforeProcessingInitializeOnLoad (67ms)
				ProcessInitializeOnLoadAttributes (214ms)
				ProcessInitializeOnLoadMethodAttributes (24ms)
				AfterProcessingInitializeOnLoad (3ms)
				EditorAssembliesLoaded (0ms)
			ExecutionOrderSort2 (0ms)
			AwakeInstancesAfterBackupRestoration (17ms)
Platform modules already initialized, skipping
Refreshing native plugins compatible for Editor in 2.77 ms, found 3 plugins.
Preloading 0 native plugins for Editor in 0.00 ms.
Unloading 3047 Unused Serialized files (Serialized files now loaded: 0)
Unloading 15 unused Assets / (22.0 KB). Loaded Objects now: 3593.
Memory consumption went from 138.0 MB to 138.0 MB.
Total: 2.990300 ms (FindLiveObjects: 0.244900 ms CreateObjectMapping: 0.237400 ms MarkObjects: 2.482500 ms  DeleteObjects: 0.024600 ms)

AssetImportParameters requested are different than current active one (requested -> active):
  custom:video-decoder-ogg-theora: a1e56fd34408186e4bbccfd4996cb3dc -> 
  custom:container-muxer-webm: aa71ff27fc2769a1b78a27578f13a17b -> 
  custom:container-demuxer-webm: 4f35f7cbe854078d1ac9338744f61a02 -> 
  custom:video-encoder-webm-vp8: eb34c28f22e8b96e1ab97ce403110664 -> 
  custom:video-codec-MediaFoundation-h265: 746d11721c4dcdbdad8f713fa42b33f4 -> 
  custom:CustomObjectIndexerAttribute: bc11b3a6c3213fcdd17b65e7da85e133 -> 
  custom:audio-encoder-webm-vorbis: bf7c407c2cedff20999df2af8eb42d56 -> 
  custom:framework-win-MediaFoundation: 216162199b28c13a410421893ffa2e32 -> 
  custom:container-demuxer-ogg: 62fdf1f143b41e24485cea50d1cbac27 -> 
  custom:video-decoder-webm-vp8: 9c59270c3fd7afecdb556c50c9e8de78 -> 
  custom:audio-decoder-ogg-vorbis: bf7c407c2cedff20999df2af8eb42d56 -> 
========================================================================
Received Prepare
Registering precompiled user dll's ...
Registered in 0.009001 seconds.
Begin MonoManager ReloadAssembly
Symbol file LoadedFromMemory doesn't match image C:\Users\user\Documents\GitHub\wtq234\Tutorial\Library\PackageCache\com.unity.visualscripting@1.8.0\Editor\VisualScripting.Core\Dependencies\YamlDotNet\Unity.VisualScripting.YamlDotNet.dll
Symbol file LoadedFromMemory doesn't match image C:\Users\user\Documents\GitHub\wtq234\Tutorial\Library\PackageCache\com.unity.visualscripting@1.8.0\Editor\VisualScripting.Core\Dependencies\DotNetZip\Unity.VisualScripting.IonicZip.dll
Native extension for WindowsStandalone target not found
Refreshing native plugins compatible for Editor in 1.15 ms, found 3 plugins.
Preloading 0 native plugins for Editor in 0.00 ms.
Mono: successfully reloaded assembly
- Completed reload, in  1.138 seconds
Domain Reload Profiling:
	ReloadAssembly (1139ms)
		BeginReloadAssembly (192ms)
			ExecutionOrderSort (0ms)
			DisableScriptedObjects (7ms)
			BackupInstance (0ms)
			ReleaseScriptingObjects (0ms)
			CreateAndSetChildDomain (38ms)
		EndReloadAssembly (848ms)
			LoadAssemblies (144ms)
			RebuildTransferFunctionScriptingTraits (0ms)
			SetupTypeCache (287ms)
			ReleaseScriptCaches (1ms)
			RebuildScriptCaches (44ms)
			SetupLoadedEditorAssemblies (358ms)
				LogAssemblyErrors (0ms)
				InitializePlatformSupportModulesInManaged (15ms)
				SetLoadedEditorAssemblies (1ms)
				RefreshPlugins (1ms)
				BeforeProcessingInitializeOnLoad (75ms)
				ProcessInitializeOnLoadAttributes (236ms)
				ProcessInitializeOnLoadMethodAttributes (27ms)
				AfterProcessingInitializeOnLoad (3ms)
				EditorAssembliesLoaded (0ms)
			ExecutionOrderSort2 (0ms)
			AwakeInstancesAfterBackupRestoration (17ms)
Platform modules already initialized, skipping
Refreshing native plugins compatible for Editor in 2.43 ms, found 3 plugins.
Preloading 0 native plugins for Editor in 0.00 ms.
Unloading 3047 Unused Serialized files (Serialized files now loaded: 0)
Unloading 15 unused Assets / (22.0 KB). Loaded Objects now: 3596.
Memory consumption went from 138.0 MB to 138.0 MB.
Total: 2.975000 ms (FindLiveObjects: 0.309300 ms CreateObjectMapping: 0.463500 ms MarkObjects: 2.179200 ms  DeleteObjects: 0.022100 ms)

AssetImportParameters requested are different than current active one (requested -> active):
  custom:video-decoder-ogg-theora: a1e56fd34408186e4bbccfd4996cb3dc -> 
  custom:container-muxer-webm: aa71ff27fc2769a1b78a27578f13a17b -> 
  custom:container-demuxer-webm: 4f35f7cbe854078d1ac9338744f61a02 -> 
  custom:video-encoder-webm-vp8: eb34c28f22e8b96e1ab97ce403110664 -> 
  custom:video-codec-MediaFoundation-h265: 746d11721c4dcdbdad8f713fa42b33f4 -> 
  custom:CustomObjectIndexerAttribute: bc11b3a6c3213fcdd17b65e7da85e133 -> 
  custom:audio-encoder-webm-vorbis: bf7c407c2cedff20999df2af8eb42d56 -> 
  custom:framework-win-MediaFoundation: 216162199b28c13a410421893ffa2e32 -> 
  custom:container-demuxer-ogg: 62fdf1f143b41e24485cea50d1cbac27 -> 
  custom:video-decoder-webm-vp8: 9c59270c3fd7afecdb556c50c9e8de78 -> 
  custom:audio-decoder-ogg-vorbis: bf7c407c2cedff20999df2af8eb42d56 -> 
========================================================================
Received Prepare
Registering precompiled user dll's ...
Registered in 0.008672 seconds.
Begin MonoManager ReloadAssembly
Symbol file LoadedFromMemory doesn't match image C:\Users\user\Documents\GitHub\wtq234\Tutorial\Library\PackageCache\com.unity.visualscripting@1.8.0\Editor\VisualScripting.Core\Dependencies\YamlDotNet\Unity.VisualScripting.YamlDotNet.dll
Symbol file LoadedFromMemory doesn't match image C:\Users\user\Documents\GitHub\wtq234\Tutorial\Library\PackageCache\com.unity.visualscripting@1.8.0\Editor\VisualScripting.Core\Dependencies\DotNetZip\Unity.VisualScripting.IonicZip.dll
Native extension for WindowsStandalone target not found
Refreshing native plugins compatible for Editor in 0.56 ms, found 3 plugins.
Preloading 0 native plugins for Editor in 0.00 ms.
Mono: successfully reloaded assembly
- Completed reload, in  1.109 seconds
Domain Reload Profiling:
	ReloadAssembly (1110ms)
		BeginReloadAssembly (182ms)
			ExecutionOrderSort (0ms)
			DisableScriptedObjects (6ms)
			BackupInstance (0ms)
			ReleaseScriptingObjects (0ms)
			CreateAndSetChildDomain (33ms)
		EndReloadAssembly (825ms)
			LoadAssemblies (137ms)
			RebuildTransferFunctionScriptingTraits (0ms)
			SetupTypeCache (300ms)
			ReleaseScriptCaches (1ms)
			RebuildScriptCaches (45ms)
			SetupLoadedEditorAssemblies (330ms)
				LogAssemblyErrors (0ms)
				InitializePlatformSupportModulesInManaged (5ms)
				SetLoadedEditorAssemblies (1ms)
				RefreshPlugins (1ms)
				BeforeProcessingInitializeOnLoad (71ms)
				ProcessInitializeOnLoadAttributes (226ms)
				ProcessInitializeOnLoadMethodAttributes (24ms)
				AfterProcessingInitializeOnLoad (2ms)
				EditorAssembliesLoaded (0ms)
			ExecutionOrderSort2 (0ms)
			AwakeInstancesAfterBackupRestoration (16ms)
Platform modules already initialized, skipping
Refreshing native plugins compatible for Editor in 2.40 ms, found 3 plugins.
Preloading 0 native plugins for Editor in 0.00 ms.
Unloading 3047 Unused Serialized files (Serialized files now loaded: 0)
Unloading 15 unused Assets / (22.0 KB). Loaded Objects now: 3599.
Memory consumption went from 138.0 MB to 138.0 MB.
Total: 2.959300 ms (FindLiveObjects: 0.293000 ms CreateObjectMapping: 0.209700 ms MarkObjects: 2.432100 ms  DeleteObjects: 0.023400 ms)

AssetImportParameters requested are different than current active one (requested -> active):
  custom:video-decoder-ogg-theora: a1e56fd34408186e4bbccfd4996cb3dc -> 
  custom:container-muxer-webm: aa71ff27fc2769a1b78a27578f13a17b -> 
  custom:container-demuxer-webm: 4f35f7cbe854078d1ac9338744f61a02 -> 
  custom:video-encoder-webm-vp8: eb34c28f22e8b96e1ab97ce403110664 -> 
  custom:video-codec-MediaFoundation-h265: 746d11721c4dcdbdad8f713fa42b33f4 -> 
  custom:CustomObjectIndexerAttribute: bc11b3a6c3213fcdd17b65e7da85e133 -> 
  custom:audio-encoder-webm-vorbis: bf7c407c2cedff20999df2af8eb42d56 -> 
  custom:framework-win-MediaFoundation: 216162199b28c13a410421893ffa2e32 -> 
  custom:container-demuxer-ogg: 62fdf1f143b41e24485cea50d1cbac27 -> 
  custom:video-decoder-webm-vp8: 9c59270c3fd7afecdb556c50c9e8de78 -> 
  custom:audio-decoder-ogg-vorbis: bf7c407c2cedff20999df2af8eb42d56 -> 
========================================================================
Received Prepare
Registering precompiled user dll's ...
Registered in 0.008301 seconds.
Begin MonoManager ReloadAssembly
Symbol file LoadedFromMemory doesn't match image C:\Users\user\Documents\GitHub\wtq234\Tutorial\Library\PackageCache\com.unity.visualscripting@1.8.0\Editor\VisualScripting.Core\Dependencies\YamlDotNet\Unity.VisualScripting.YamlDotNet.dll
Symbol file LoadedFromMemory doesn't match image C:\Users\user\Documents\GitHub\wtq234\Tutorial\Library\PackageCache\com.unity.visualscripting@1.8.0\Editor\VisualScripting.Core\Dependencies\DotNetZip\Unity.VisualScripting.IonicZip.dll
Native extension for WindowsStandalone target not found
Refreshing native plugins compatible for Editor in 0.57 ms, found 3 plugins.
Preloading 0 native plugins for Editor in 0.00 ms.
Mono: successfully reloaded assembly
- Completed reload, in  1.117 seconds
Domain Reload Profiling:
	ReloadAssembly (1117ms)
		BeginReloadAssembly (171ms)
			ExecutionOrderSort (0ms)
			DisableScriptedObjects (6ms)
			BackupInstance (0ms)
			ReleaseScriptingObjects (0ms)
			CreateAndSetChildDomain (34ms)
		EndReloadAssembly (848ms)
			LoadAssemblies (129ms)
			RebuildTransferFunctionScriptingTraits (0ms)
			SetupTypeCache (277ms)
			ReleaseScriptCaches (1ms)
			RebuildScriptCaches (70ms)
			SetupLoadedEditorAssemblies (319ms)
				LogAssemblyErrors (0ms)
				InitializePlatformSupportModulesInManaged (5ms)
				SetLoadedEditorAssemblies (1ms)
				RefreshPlugins (1ms)
				BeforeProcessingInitializeOnLoad (66ms)
				ProcessInitializeOnLoadAttributes (221ms)
				ProcessInitializeOnLoadMethodAttributes (23ms)
				AfterProcessingInitializeOnLoad (2ms)
				EditorAssembliesLoaded (0ms)
			ExecutionOrderSort2 (0ms)
			AwakeInstancesAfterBackupRestoration (16ms)
Platform modules already initialized, skipping
Refreshing native plugins compatible for Editor in 2.59 ms, found 3 plugins.
Preloading 0 native plugins for Editor in 0.00 ms.
Unloading 3047 Unused Serialized files (Serialized files now loaded: 0)
Unloading 15 unused Assets / (22.0 KB). Loaded Objects now: 3602.
Memory consumption went from 138.1 MB to 138.0 MB.
Total: 2.653300 ms (FindLiveObjects: 0.273800 ms CreateObjectMapping: 0.187700 ms MarkObjects: 2.168400 ms  DeleteObjects: 0.022400 ms)

AssetImportParameters requested are different than current active one (requested -> active):
  custom:video-decoder-ogg-theora: a1e56fd34408186e4bbccfd4996cb3dc -> 
  custom:container-muxer-webm: aa71ff27fc2769a1b78a27578f13a17b -> 
  custom:container-demuxer-webm: 4f35f7cbe854078d1ac9338744f61a02 -> 
  custom:video-encoder-webm-vp8: eb34c28f22e8b96e1ab97ce403110664 -> 
  custom:video-codec-MediaFoundation-h265: 746d11721c4dcdbdad8f713fa42b33f4 -> 
  custom:CustomObjectIndexerAttribute: bc11b3a6c3213fcdd17b65e7da85e133 -> 
  custom:audio-encoder-webm-vorbis: bf7c407c2cedff20999df2af8eb42d56 -> 
  custom:framework-win-MediaFoundation: 216162199b28c13a410421893ffa2e32 -> 
  custom:container-demuxer-ogg: 62fdf1f143b41e24485cea50d1cbac27 -> 
  custom:video-decoder-webm-vp8: 9c59270c3fd7afecdb556c50c9e8de78 -> 
  custom:audio-decoder-ogg-vorbis: bf7c407c2cedff20999df2af8eb42d56 -> 
========================================================================
Received Prepare
Registering precompiled user dll's ...
Registered in 0.008793 seconds.
Begin MonoManager ReloadAssembly
Symbol file LoadedFromMemory doesn't match image C:\Users\user\Documents\GitHub\wtq234\Tutorial\Library\PackageCache\com.unity.visualscripting@1.8.0\Editor\VisualScripting.Core\Dependencies\YamlDotNet\Unity.VisualScripting.YamlDotNet.dll
Symbol file LoadedFromMemory doesn't match image C:\Users\user\Documents\GitHub\wtq234\Tutorial\Library\PackageCache\com.unity.visualscripting@1.8.0\Editor\VisualScripting.Core\Dependencies\DotNetZip\Unity.VisualScripting.IonicZip.dll
Native extension for WindowsStandalone target not found
Refreshing native plugins compatible for Editor in 0.49 ms, found 3 plugins.
Preloading 0 native plugins for Editor in 0.00 ms.
Mono: successfully reloaded assembly
- Completed reload, in  1.124 seconds
Domain Reload Profiling:
	ReloadAssembly (1125ms)
		BeginReloadAssembly (188ms)
			ExecutionOrderSort (0ms)
			DisableScriptedObjects (7ms)
			BackupInstance (0ms)
			ReleaseScriptingObjects (0ms)
			CreateAndSetChildDomain (35ms)
		EndReloadAssembly (840ms)
			LoadAssemblies (141ms)
			RebuildTransferFunctionScriptingTraits (0ms)
			SetupTypeCache (280ms)
			ReleaseScriptCaches (1ms)
			RebuildScriptCaches (45ms)
			SetupLoadedEditorAssemblies (356ms)
				LogAssemblyErrors (0ms)
				InitializePlatformSupportModulesInManaged (6ms)
				SetLoadedEditorAssemblies (1ms)
				RefreshPlugins (1ms)
				BeforeProcessingInitializeOnLoad (70ms)
				ProcessInitializeOnLoadAttributes (251ms)
				ProcessInitializeOnLoadMethodAttributes (24ms)
				AfterProcessingInitializeOnLoad (3ms)
				EditorAssembliesLoaded (0ms)
			ExecutionOrderSort2 (0ms)
			AwakeInstancesAfterBackupRestoration (19ms)
Platform modules already initialized, skipping
Refreshing native plugins compatible for Editor in 3.12 ms, found 3 plugins.
Preloading 0 native plugins for Editor in 0.00 ms.
Unloading 3047 Unused Serialized files (Serialized files now loaded: 0)
Unloading 15 unused Assets / (22.0 KB). Loaded Objects now: 3605.
Memory consumption went from 138.1 MB to 138.0 MB.
Total: 3.364000 ms (FindLiveObjects: 0.378300 ms CreateObjectMapping: 0.217700 ms MarkObjects: 2.741500 ms  DeleteObjects: 0.025300 ms)

AssetImportParameters requested are different than current active one (requested -> active):
  custom:video-decoder-ogg-theora: a1e56fd34408186e4bbccfd4996cb3dc -> 
  custom:container-muxer-webm: aa71ff27fc2769a1b78a27578f13a17b -> 
  custom:container-demuxer-webm: 4f35f7cbe854078d1ac9338744f61a02 -> 
  custom:video-encoder-webm-vp8: eb34c28f22e8b96e1ab97ce403110664 -> 
  custom:video-codec-MediaFoundation-h265: 746d11721c4dcdbdad8f713fa42b33f4 -> 
  custom:CustomObjectIndexerAttribute: bc11b3a6c3213fcdd17b65e7da85e133 -> 
  custom:audio-encoder-webm-vorbis: bf7c407c2cedff20999df2af8eb42d56 -> 
  custom:framework-win-MediaFoundation: 216162199b28c13a410421893ffa2e32 -> 
  custom:container-demuxer-ogg: 62fdf1f143b41e24485cea50d1cbac27 -> 
  custom:video-decoder-webm-vp8: 9c59270c3fd7afecdb556c50c9e8de78 -> 
  custom:audio-decoder-ogg-vorbis: bf7c407c2cedff20999df2af8eb42d56 -> 
========================================================================
Received Import Request.
  Time since last request: 720.123492 seconds.
  path: Assets/Animator/Animations/Ch24_nonPBR@Happy Idle.fbx
  artifactKey: Guid(6f2ca4d31853b114e92b546d5f364dcc) Importer(815301076,1909f56bfc062723c751e8b465ee728b)
Start importing Assets/Animator/Animations/Ch24_nonPBR@Happy Idle.fbx using Guid(6f2ca4d31853b114e92b546d5f364dcc) Importer(815301076,1909f56bfc062723c751e8b465ee728b)  -> (artifact id: '43e1a85161ea7e544ba43c9836b4a5ec') in 0.052179 seconds 
========================================================================
Received Import Request.
  Time since last request: 70.887094 seconds.
  path: Assets/Animator/Animations/Idle.fbx
  artifactKey: Guid(6f2ca4d31853b114e92b546d5f364dcc) Importer(815301076,1909f56bfc062723c751e8b465ee728b)
Start importing Assets/Animator/Animations/Idle.fbx using Guid(6f2ca4d31853b114e92b546d5f364dcc) Importer(815301076,1909f56bfc062723c751e8b465ee728b)  -> (artifact id: '399f3481e1f674b505a07c07a4838dfe') in 0.011033 seconds 
========================================================================
Received Import Request.
  Time since last request: 27.745199 seconds.
  path: Assets/Animator/Animations/Idle.fbx
  artifactKey: Guid(6f2ca4d31853b114e92b546d5f364dcc) Importer(815301076,1909f56bfc062723c751e8b465ee728b)
Start importing Assets/Animator/Animations/Idle.fbx using Guid(6f2ca4d31853b114e92b546d5f364dcc) Importer(815301076,1909f56bfc062723c751e8b465ee728b)  -> (artifact id: '69178bd01f8cd067e9eb77470f93fcaf') in 0.006341 seconds 
========================================================================
Received Import Request.
  Time since last request: 123.837282 seconds.
  path: Assets/Animator/Animations/Idle.fbx
  artifactKey: Guid(6f2ca4d31853b114e92b546d5f364dcc) Importer(815301076,1909f56bfc062723c751e8b465ee728b)
Start importing Assets/Animator/Animations/Idle.fbx using Guid(6f2ca4d31853b114e92b546d5f364dcc) Importer(815301076,1909f56bfc062723c751e8b465ee728b)  -> (artifact id: 'c3f11eb9b9959ef5bb2919a80db295b6') in 0.006959 seconds 
========================================================================
Received Prepare
Registering precompiled user dll's ...
Registered in 0.008449 seconds.
Begin MonoManager ReloadAssembly
Symbol file LoadedFromMemory doesn't match image C:\Users\user\Documents\GitHub\wtq234\Tutorial\Library\PackageCache\com.unity.visualscripting@1.8.0\Editor\VisualScripting.Core\Dependencies\YamlDotNet\Unity.VisualScripting.YamlDotNet.dll
Symbol file LoadedFromMemory doesn't match image C:\Users\user\Documents\GitHub\wtq234\Tutorial\Library\PackageCache\com.unity.visualscripting@1.8.0\Editor\VisualScripting.Core\Dependencies\DotNetZip\Unity.VisualScripting.IonicZip.dll
Native extension for WindowsStandalone target not found
Refreshing native plugins compatible for Editor in 0.48 ms, found 3 plugins.
Preloading 0 native plugins for Editor in 0.00 ms.
Mono: successfully reloaded assembly
- Completed reload, in  1.205 seconds
Domain Reload Profiling:
	ReloadAssembly (1206ms)
		BeginReloadAssembly (197ms)
			ExecutionOrderSort (0ms)
			DisableScriptedObjects (6ms)
			BackupInstance (0ms)
			ReleaseScriptingObjects (0ms)
			CreateAndSetChildDomain (43ms)
		EndReloadAssembly (903ms)
			LoadAssemblies (145ms)
			RebuildTransferFunctionScriptingTraits (0ms)
			SetupTypeCache (312ms)
			ReleaseScriptCaches (1ms)
			RebuildScriptCaches (48ms)
			SetupLoadedEditorAssemblies (378ms)
				LogAssemblyErrors (0ms)
				InitializePlatformSupportModulesInManaged (5ms)
				SetLoadedEditorAssemblies (0ms)
				RefreshPlugins (1ms)
				BeforeProcessingInitializeOnLoad (81ms)
				ProcessInitializeOnLoadAttributes (261ms)
				ProcessInitializeOnLoadMethodAttributes (27ms)
				AfterProcessingInitializeOnLoad (3ms)
				EditorAssembliesLoaded (0ms)
			ExecutionOrderSort2 (0ms)
			AwakeInstancesAfterBackupRestoration (19ms)
Platform modules already initialized, skipping
Refreshing native plugins compatible for Editor in 2.48 ms, found 3 plugins.
Preloading 0 native plugins for Editor in 0.00 ms.
Unloading 3047 Unused Serialized files (Serialized files now loaded: 0)
Unloading 15 unused Assets / (22.1 KB). Loaded Objects now: 3608.
Memory consumption went from 138.1 MB to 138.0 MB.
Total: 3.065600 ms (FindLiveObjects: 0.279300 ms CreateObjectMapping: 0.291800 ms MarkObjects: 2.426700 ms  DeleteObjects: 0.066600 ms)

AssetImportParameters requested are different than current active one (requested -> active):
  custom:video-decoder-ogg-theora: a1e56fd34408186e4bbccfd4996cb3dc -> 
  custom:container-muxer-webm: aa71ff27fc2769a1b78a27578f13a17b -> 
  custom:container-demuxer-webm: 4f35f7cbe854078d1ac9338744f61a02 -> 
  custom:video-encoder-webm-vp8: eb34c28f22e8b96e1ab97ce403110664 -> 
  custom:video-codec-MediaFoundation-h265: 746d11721c4dcdbdad8f713fa42b33f4 -> 
  custom:CustomObjectIndexerAttribute: bc11b3a6c3213fcdd17b65e7da85e133 -> 
  custom:audio-encoder-webm-vorbis: bf7c407c2cedff20999df2af8eb42d56 -> 
  custom:framework-win-MediaFoundation: 216162199b28c13a410421893ffa2e32 -> 
  custom:container-demuxer-ogg: 62fdf1f143b41e24485cea50d1cbac27 -> 
  custom:video-decoder-webm-vp8: 9c59270c3fd7afecdb556c50c9e8de78 -> 
  custom:audio-decoder-ogg-vorbis: bf7c407c2cedff20999df2af8eb42d56 -> 
========================================================================
Received Prepare
Registering precompiled user dll's ...
Registered in 0.009942 seconds.
Begin MonoManager ReloadAssembly
Symbol file LoadedFromMemory doesn't match image C:\Users\user\Documents\GitHub\wtq234\Tutorial\Library\PackageCache\com.unity.visualscripting@1.8.0\Editor\VisualScripting.Core\Dependencies\YamlDotNet\Unity.VisualScripting.YamlDotNet.dll
Symbol file LoadedFromMemory doesn't match image C:\Users\user\Documents\GitHub\wtq234\Tutorial\Library\PackageCache\com.unity.visualscripting@1.8.0\Editor\VisualScripting.Core\Dependencies\DotNetZip\Unity.VisualScripting.IonicZip.dll
Native extension for WindowsStandalone target not found
Refreshing native plugins compatible for Editor in 0.78 ms, found 3 plugins.
Preloading 0 native plugins for Editor in 0.00 ms.
Mono: successfully reloaded assembly
- Completed reload, in  1.232 seconds
Domain Reload Profiling:
	ReloadAssembly (1233ms)
		BeginReloadAssembly (195ms)
			ExecutionOrderSort (0ms)
			DisableScriptedObjects (7ms)
			BackupInstance (0ms)
			ReleaseScriptingObjects (0ms)
			CreateAndSetChildDomain (46ms)
		EndReloadAssembly (939ms)
			LoadAssemblies (145ms)
			RebuildTransferFunctionScriptingTraits (0ms)
			SetupTypeCache (348ms)
			ReleaseScriptCaches (2ms)
			RebuildScriptCaches (57ms)
			SetupLoadedEditorAssemblies (357ms)
				LogAssemblyErrors (0ms)
				InitializePlatformSupportModulesInManaged (5ms)
				SetLoadedEditorAssemblies (1ms)
				RefreshPlugins (1ms)
				BeforeProcessingInitializeOnLoad (71ms)
				ProcessInitializeOnLoadAttributes (251ms)
				ProcessInitializeOnLoadMethodAttributes (26ms)
				AfterProcessingInitializeOnLoad (3ms)
				EditorAssembliesLoaded (0ms)
			ExecutionOrderSort2 (0ms)
			AwakeInstancesAfterBackupRestoration (17ms)
Platform modules already initialized, skipping
Refreshing native plugins compatible for Editor in 2.56 ms, found 3 plugins.
Preloading 0 native plugins for Editor in 0.00 ms.
Unloading 3047 Unused Serialized files (Serialized files now loaded: 0)
Unloading 15 unused Assets / (22.0 KB). Loaded Objects now: 3611.
Memory consumption went from 138.1 MB to 138.0 MB.
Total: 3.113100 ms (FindLiveObjects: 0.277200 ms CreateObjectMapping: 0.149700 ms MarkObjects: 2.661500 ms  DeleteObjects: 0.023400 ms)

AssetImportParameters requested are different than current active one (requested -> active):
  custom:video-decoder-ogg-theora: a1e56fd34408186e4bbccfd4996cb3dc -> 
  custom:container-muxer-webm: aa71ff27fc2769a1b78a27578f13a17b -> 
  custom:container-demuxer-webm: 4f35f7cbe854078d1ac9338744f61a02 -> 
  custom:video-encoder-webm-vp8: eb34c28f22e8b96e1ab97ce403110664 -> 
  custom:video-codec-MediaFoundation-h265: 746d11721c4dcdbdad8f713fa42b33f4 -> 
  custom:CustomObjectIndexerAttribute: bc11b3a6c3213fcdd17b65e7da85e133 -> 
  custom:audio-encoder-webm-vorbis: bf7c407c2cedff20999df2af8eb42d56 -> 
  custom:framework-win-MediaFoundation: 216162199b28c13a410421893ffa2e32 -> 
  custom:container-demuxer-ogg: 62fdf1f143b41e24485cea50d1cbac27 -> 
  custom:video-decoder-webm-vp8: 9c59270c3fd7afecdb556c50c9e8de78 -> 
  custom:audio-decoder-ogg-vorbis: bf7c407c2cedff20999df2af8eb42d56 -> 
========================================================================
Received Prepare
Registering precompiled user dll's ...
Registered in 0.008982 seconds.
Begin MonoManager ReloadAssembly
Symbol file LoadedFromMemory doesn't match image C:\Users\user\Documents\GitHub\wtq234\Tutorial\Library\PackageCache\com.unity.visualscripting@1.8.0\Editor\VisualScripting.Core\Dependencies\YamlDotNet\Unity.VisualScripting.YamlDotNet.dll
Symbol file LoadedFromMemory doesn't match image C:\Users\user\Documents\GitHub\wtq234\Tutorial\Library\PackageCache\com.unity.visualscripting@1.8.0\Editor\VisualScripting.Core\Dependencies\DotNetZip\Unity.VisualScripting.IonicZip.dll
Native extension for WindowsStandalone target not found
Refreshing native plugins compatible for Editor in 0.52 ms, found 3 plugins.
Preloading 0 native plugins for Editor in 0.00 ms.
Mono: successfully reloaded assembly
- Completed reload, in  1.357 seconds
Domain Reload Profiling:
	ReloadAssembly (1358ms)
		BeginReloadAssembly (201ms)
			ExecutionOrderSort (0ms)
			DisableScriptedObjects (7ms)
			BackupInstance (0ms)
			ReleaseScriptingObjects (0ms)
			CreateAndSetChildDomain (38ms)
		EndReloadAssembly (1061ms)
			LoadAssemblies (149ms)
			RebuildTransferFunctionScriptingTraits (0ms)
			SetupTypeCache (369ms)
			ReleaseScriptCaches (1ms)
			RebuildScriptCaches (86ms)
			SetupLoadedEditorAssemblies (384ms)
				LogAssemblyErrors (0ms)
				InitializePlatformSupportModulesInManaged (7ms)
				SetLoadedEditorAssemblies (1ms)
				RefreshPlugins (1ms)
				BeforeProcessingInitializeOnLoad (79ms)
				ProcessInitializeOnLoadAttributes (264ms)
				ProcessInitializeOnLoadMethodAttributes (29ms)
				AfterProcessingInitializeOnLoad (3ms)
				EditorAssembliesLoaded (0ms)
			ExecutionOrderSort2 (0ms)
			AwakeInstancesAfterBackupRestoration (19ms)
Platform modules already initialized, skipping
Refreshing native plugins compatible for Editor in 3.41 ms, found 3 plugins.
Preloading 0 native plugins for Editor in 0.00 ms.
Unloading 3047 Unused Serialized files (Serialized files now loaded: 0)
Unloading 15 unused Assets / (21.9 KB). Loaded Objects now: 3614.
Memory consumption went from 138.1 MB to 138.1 MB.
Total: 3.485100 ms (FindLiveObjects: 0.576400 ms CreateObjectMapping: 0.580400 ms MarkObjects: 2.306000 ms  DeleteObjects: 0.021200 ms)

AssetImportParameters requested are different than current active one (requested -> active):
  custom:video-decoder-ogg-theora: a1e56fd34408186e4bbccfd4996cb3dc -> 
  custom:container-muxer-webm: aa71ff27fc2769a1b78a27578f13a17b -> 
  custom:container-demuxer-webm: 4f35f7cbe854078d1ac9338744f61a02 -> 
  custom:video-encoder-webm-vp8: eb34c28f22e8b96e1ab97ce403110664 -> 
  custom:video-codec-MediaFoundation-h265: 746d11721c4dcdbdad8f713fa42b33f4 -> 
  custom:CustomObjectIndexerAttribute: bc11b3a6c3213fcdd17b65e7da85e133 -> 
  custom:audio-encoder-webm-vorbis: bf7c407c2cedff20999df2af8eb42d56 -> 
  custom:framework-win-MediaFoundation: 216162199b28c13a410421893ffa2e32 -> 
  custom:container-demuxer-ogg: 62fdf1f143b41e24485cea50d1cbac27 -> 
  custom:video-decoder-webm-vp8: 9c59270c3fd7afecdb556c50c9e8de78 -> 
  custom:audio-decoder-ogg-vorbis: bf7c407c2cedff20999df2af8eb42d56 -> 
========================================================================
Received Import Request.
  Time since last request: 256.441726 seconds.
  path: Assets/Animator/Animations/Ch24_nonPBR@Run.fbx
  artifactKey: Guid(b9e75e3f09c592d459276f200674bd21) Importer(815301076,1909f56bfc062723c751e8b465ee728b)
Start importing Assets/Animator/Animations/Ch24_nonPBR@Run.fbx using Guid(b9e75e3f09c592d459276f200674bd21) Importer(815301076,1909f56bfc062723c751e8b465ee728b)  -> (artifact id: '627daf7b6f70b8ae7533db62a829da06') in 0.046731 seconds 
========================================================================
Received Import Request.
  Time since last request: 7.343439 seconds.
  path: Assets/Animator/Animations/run.fbx
  artifactKey: Guid(b9e75e3f09c592d459276f200674bd21) Importer(815301076,1909f56bfc062723c751e8b465ee728b)
Start importing Assets/Animator/Animations/run.fbx using Guid(b9e75e3f09c592d459276f200674bd21) Importer(815301076,1909f56bfc062723c751e8b465ee728b)  -> (artifact id: '280d7a5539a524d4d42f083565f6f18d') in 0.011581 seconds 
========================================================================
Received Import Request.
  Time since last request: 25.353198 seconds.
  path: Assets/Animator/Animations/run.fbx
  artifactKey: Guid(b9e75e3f09c592d459276f200674bd21) Importer(815301076,1909f56bfc062723c751e8b465ee728b)
Start importing Assets/Animator/Animations/run.fbx using Guid(b9e75e3f09c592d459276f200674bd21) Importer(815301076,1909f56bfc062723c751e8b465ee728b)  -> (artifact id: '40700bf6c17e46becb8d3724af80380e') in 0.006364 seconds 
========================================================================
Received Import Request.
  Time since last request: 55.918233 seconds.
  path: Assets/Animator/Animators/New Animator Controller.controller
  artifactKey: Guid(967a1ac788ab7e44798af41c64431093) Importer(815301076,1909f56bfc062723c751e8b465ee728b)
Start importing Assets/Animator/Animators/New Animator Controller.controller using Guid(967a1ac788ab7e44798af41c64431093) Importer(815301076,1909f56bfc062723c751e8b465ee728b)  -> (artifact id: 'fdc562b28f3247e08820c0a63b707049') in 0.010433 seconds 
========================================================================
Received Prepare
Registering precompiled user dll's ...
Registered in 0.008643 seconds.
Begin MonoManager ReloadAssembly
Symbol file LoadedFromMemory doesn't match image C:\Users\user\Documents\GitHub\wtq234\Tutorial\Library\PackageCache\com.unity.visualscripting@1.8.0\Editor\VisualScripting.Core\Dependencies\YamlDotNet\Unity.VisualScripting.YamlDotNet.dll
Symbol file LoadedFromMemory doesn't match image C:\Users\user\Documents\GitHub\wtq234\Tutorial\Library\PackageCache\com.unity.visualscripting@1.8.0\Editor\VisualScripting.Core\Dependencies\DotNetZip\Unity.VisualScripting.IonicZip.dll
Native extension for WindowsStandalone target not found
Refreshing native plugins compatible for Editor in 0.67 ms, found 3 plugins.
Preloading 0 native plugins for Editor in 0.00 ms.
Mono: successfully reloaded assembly
- Completed reload, in  1.427 seconds
Domain Reload Profiling:
	ReloadAssembly (1429ms)
		BeginReloadAssembly (208ms)
			ExecutionOrderSort (0ms)
			DisableScriptedObjects (7ms)
			BackupInstance (0ms)
			ReleaseScriptingObjects (0ms)
			CreateAndSetChildDomain (41ms)
		EndReloadAssembly (1104ms)
			LoadAssemblies (142ms)
			RebuildTransferFunctionScriptingTraits (0ms)
			SetupTypeCache (380ms)
			ReleaseScriptCaches (4ms)
			RebuildScriptCaches (59ms)
			SetupLoadedEditorAssemblies (469ms)
				LogAssemblyErrors (0ms)
				InitializePlatformSupportModulesInManaged (5ms)
				SetLoadedEditorAssemblies (1ms)
				RefreshPlugins (1ms)
				BeforeProcessingInitializeOnLoad (101ms)
				ProcessInitializeOnLoadAttributes (328ms)
				ProcessInitializeOnLoadMethodAttributes (31ms)
				AfterProcessingInitializeOnLoad (3ms)
				EditorAssembliesLoaded (0ms)
			ExecutionOrderSort2 (0ms)
			AwakeInstancesAfterBackupRestoration (17ms)
Platform modules already initialized, skipping
Refreshing native plugins compatible for Editor in 2.53 ms, found 3 plugins.
Preloading 0 native plugins for Editor in 0.00 ms.
Unloading 3047 Unused Serialized files (Serialized files now loaded: 0)
Unloading 15 unused Assets / (22.0 KB). Loaded Objects now: 3617.
Memory consumption went from 138.1 MB to 138.1 MB.
Total: 2.983800 ms (FindLiveObjects: 0.278200 ms CreateObjectMapping: 0.237600 ms MarkObjects: 2.438100 ms  DeleteObjects: 0.029100 ms)

AssetImportParameters requested are different than current active one (requested -> active):
  custom:video-decoder-ogg-theora: a1e56fd34408186e4bbccfd4996cb3dc -> 
  custom:container-muxer-webm: aa71ff27fc2769a1b78a27578f13a17b -> 
  custom:container-demuxer-webm: 4f35f7cbe854078d1ac9338744f61a02 -> 
  custom:video-encoder-webm-vp8: eb34c28f22e8b96e1ab97ce403110664 -> 
  custom:video-codec-MediaFoundation-h265: 746d11721c4dcdbdad8f713fa42b33f4 -> 
  custom:CustomObjectIndexerAttribute: bc11b3a6c3213fcdd17b65e7da85e133 -> 
  custom:audio-encoder-webm-vorbis: bf7c407c2cedff20999df2af8eb42d56 -> 
  custom:framework-win-MediaFoundation: 216162199b28c13a410421893ffa2e32 -> 
  custom:container-demuxer-ogg: 62fdf1f143b41e24485cea50d1cbac27 -> 
  custom:video-decoder-webm-vp8: 9c59270c3fd7afecdb556c50c9e8de78 -> 
  custom:audio-decoder-ogg-vorbis: bf7c407c2cedff20999df2af8eb42d56 -> 
========================================================================
Received Import Request.
  Time since last request: 544.574688 seconds.
  path: Assets/Animator/Animations/Ch24_nonPBR@Falling Back Death.fbx
  artifactKey: Guid(bb70a4619d94c8f49bdc8f93d7c1acb1) Importer(815301076,1909f56bfc062723c751e8b465ee728b)
Start importing Assets/Animator/Animations/Ch24_nonPBR@Falling Back Death.fbx using Guid(bb70a4619d94c8f49bdc8f93d7c1acb1) Importer(815301076,1909f56bfc062723c751e8b465ee728b)  -> (artifact id: '671ca1ce6e4ddfb5e309735ad7d65b4e') in 0.043911 seconds 
========================================================================
Received Import Request.
  Time since last request: 9.863857 seconds.
  path: Assets/Animator/Animations/die.fbx
  artifactKey: Guid(bb70a4619d94c8f49bdc8f93d7c1acb1) Importer(815301076,1909f56bfc062723c751e8b465ee728b)
Start importing Assets/Animator/Animations/die.fbx using Guid(bb70a4619d94c8f49bdc8f93d7c1acb1) Importer(815301076,1909f56bfc062723c751e8b465ee728b)  -> (artifact id: '2aba487f374a37f43f7add74a702e22c') in 0.011048 seconds 
========================================================================
Received Import Request.
  Time since last request: 16.030824 seconds.
  path: Assets/Animator/Animations/Die.fbx
  artifactKey: Guid(bb70a4619d94c8f49bdc8f93d7c1acb1) Importer(815301076,1909f56bfc062723c751e8b465ee728b)
Start importing Assets/Animator/Animations/Die.fbx using Guid(bb70a4619d94c8f49bdc8f93d7c1acb1) Importer(815301076,1909f56bfc062723c751e8b465ee728b)  -> (artifact id: '232efbbdcf85270688f71bc61707602f') in 0.012804 seconds 
========================================================================
Received Import Request.
  Time since last request: 34.741922 seconds.
  path: Assets/Animator/Animations/Die.fbx
  artifactKey: Guid(bb70a4619d94c8f49bdc8f93d7c1acb1) Importer(815301076,1909f56bfc062723c751e8b465ee728b)
Start importing Assets/Animator/Animations/Die.fbx using Guid(bb70a4619d94c8f49bdc8f93d7c1acb1) Importer(815301076,1909f56bfc062723c751e8b465ee728b)  -> (artifact id: '76da2364c943c18e16e50d46804e0b8f') in 0.005837 seconds 
========================================================================
Received Import Request.
  Time since last request: 437.072638 seconds.
  path: Assets/Unity inster/Quirky Series Ultimate/FREE/Prefabs/Colobus.prefab
  artifactKey: Guid(84b7c8441f160174fa5c6f94cf397f0a) Importer(815301076,1909f56bfc062723c751e8b465ee728b)
Start importing Assets/Unity inster/Quirky Series Ultimate/FREE/Prefabs/Colobus.prefab using Guid(84b7c8441f160174fa5c6f94cf397f0a) Importer(815301076,1909f56bfc062723c751e8b465ee728b)  -> (artifact id: 'ea51c06be8e6b904a145c7e25a4626eb') in 0.626852 seconds 
========================================================================
Received Import Request.
  Time since last request: 0.000032 seconds.
  path: Assets/Unity inster/Quirky Series Ultimate/FREE/Prefabs/Single LODs/Colobus_LOD1.prefab
  artifactKey: Guid(16312f7abca8d654d9cedbc1a27a4429) Importer(815301076,1909f56bfc062723c751e8b465ee728b)
Start importing Assets/Unity inster/Quirky Series Ultimate/FREE/Prefabs/Single LODs/Colobus_LOD1.prefab using Guid(16312f7abca8d654d9cedbc1a27a4429) Importer(815301076,1909f56bfc062723c751e8b465ee728b)  -> (artifact id: '1295de375f8bc7eb1f11e72c98d6602a') in 0.112540 seconds 
Editor requested this worker to shutdown with reason: Scaling down because of idle timeout
AssetImportWorker is now disconnected from the server
Process exiting
Exiting without the bug reporter. Application will terminate with return code 0